/*C1*/SET SCHEMA PUBLIC
CONNECT USER SA
/*C2*/SET SCHEMA PUBLIC
CONNECT USER SA
/*C3*/SET SCHEMA PUBLIC
CONNECT USER SA
DELETE FROM USERS WHERE ID=0
INSERT INTO USERS VALUES(0,'Foma','Chomsky','1998-05-20')
DISCONNECT
/*C4*/SET SCHEMA PUBLIC
CONNECT USER SA
/*C5*/SET SCHEMA PUBLIC
CONNECT USER SA
/*C1*/DISCONNECT
/*C5*/DISCONNECT
/*C4*/DISCONNECT
/*C2*/DISCONNECT
/*C6*/SET SCHEMA PUBLIC
CONNECT USER SA
DELETE FROM USERS WHERE ID=1
INSERT INTO USERS VALUES(1,'Madam','Curry','1980-03-24')
DISCONNECT
/*C7*/SET SCHEMA PUBLIC
CONNECT USER SA
